Voxel Editor CLI v1.0
====================

Initializing Voxel Editor...
Camera set to view workspace center at (2.5, 2.5, 2.5)
Program linking warning: WARNING: Could not find vertex shader attribute 'a_texCoord' to match BindAttributeLocation request.
WARNING: Output of vertex shader 'v_color' not read by fragment shader
WARNING: Output of vertex shader 'v_normal' not read by fragment shader

Shader attribute locations after linking: pos=0 normal=1 color=3
[2025-06-03 18:26:23.593] [INFO ] Created shader program: basic
[2025-06-03 18:26:23.593] [INFO ] RenderEngine initialized successfully
[2025-06-03 18:26:23.593] [INFO ] Renderer: OpenGL 2.1 Metal - 89.3 - Apple M2 (Apple)
OpenGL Version: 2.1 Metal - 89.3
GLSL Version: 1.20
VAO extensions: ARB=0 APPLE=1
VAO functions loaded successfully
Creating scene...
Generating mesh for resolution: 0, voxel size: 0.01
Found 0 voxels to render
No vertices generated (empty mesh)
Mesh update: 0 vertices, 0 indices
Scene created successfully!
Initialization complete!
Type 'help' for available commands.

2025-06-03 18:26:23.614 voxel-cli[53900:4624245] +[IMKClient subclass]: chose IMKClient_Legacy
2025-06-03 18:26:23.614 voxel-cli[53900:4624245] +[IMKInputSession subclass]: chose IMKInputSession_Legacy
> Unknown command: ===. Type 'help' for available commands.
Rendering frame 0, mesh count: 0
> Camera Debug Info
================
Position: (6.83036, 6.82966, 6.83036)
Target: (2.5, 2.5, 2.5)
Up: (0, 1, 0)
Distance: 7.5
FOV: 45 degrees
Near/Far: 0.1 / 1000

View Matrix:
  0.707 0.000 -0.707 0.000 
  -0.408 0.817 -0.408 -0.000 
  0.577 0.577 0.577 -11.830 
  0.000 0.000 0.000 1.000 

Projection Matrix:
  1.811 0.000 0.000 0.000 
  0.000 2.414 0.000 0.000 
  0.000 0.000 -1.000 -0.200 
  0.000 0.000 -1.000 0.000 

Rendering frame 1, mesh count: 0
> Rendering frame 2, mesh count: 0
> Unknown command: ===. Type 'help' for available commands.
Rendering frame 3, mesh count: 0
> Failed to resize workspace. Check size constraints (2-8m³)
Rendering frame 4, mesh count: 0
> Resolution set to 8cm
> > Unknown command: ===. Type 'help' for available commands.
> Generating mesh for resolution: 3, voxel size: 0.08
Found 1 voxels to render
  Voxel 0 at grid pos (2, 2, 2) -> world pos (0.2, 0.2, 0.2)
Generated mesh with 24 vertices and 36 indices
  Vertex 0: pos(0.162, 0.162, 0.162)
  Vertex 1: pos(0.238, 0.162, 0.162)
  Vertex 2: pos(0.238, 0.238, 0.162)
Mesh update: 24 vertices, 36 indices
Created render mesh with 24 vertices
Voxel placed at (2, 2, 2)
Setting transform uniforms, camera exists
Setting uniform 'u_model' at location 8
  u_model matrix:
    1 0 0 0 
    0 1 0 0 
    0 0 1 0 
    0 0 0 1 
Setting uniform 'u_view' at location 0
Setting uniform 'u_projection' at location 4
Camera target: 2.5, 2.5, 2.5
Camera position: 6.83036, 6.82966, 6.83036
View matrix first row: 0.707107, 0, -0.707107, 2.10834e-07
Workspace: 0,0,0 to 10,10,10
Vertex 0 transform: world(0.162,0.162,0.162) -> clip(3.76365e-07,-0.000749582,11.3518,11.5495) -> NDC(3.2587e-08,-6.49015e-05,0.982881) -> Screen(640,360.023) [VISIBLE]
  Triangle bounds: (640,357.67) to (645.433,362.367) Size: 5.43335 x 4.69656 pixels
Enabled attribute 0 for Position at offset 0
Enabled attribute 1 for Normal at offset 12
Enabled attribute 2 for Other at offset 24
Enabled attribute 3 for Color at offset 32
Drawing mesh with 36 indices (12 triangles)
drawElements called: count=36, type=4, offset=0 (expected 12 triangles)
  Current program: 3
  VAO=0, VBO=8, IBO=9
  Position attrib 0 enabled: 1
> Generating mesh for resolution: 3, voxel size: 0.08
Found 2 voxels to render
  Voxel 0 at grid pos (2, 2, 2) -> world pos (0.2, 0.2, 0.2)
  Voxel 1 at grid pos (3, 2, 2) -> world pos (0.28, 0.2, 0.2)
Generated mesh with 48 vertices and 72 indices
  Vertex 0: pos(0.162, 0.162, 0.162)
  Vertex 1: pos(0.238, 0.162, 0.162)
  Vertex 2: pos(0.238, 0.238, 0.162)
Mesh update: 48 vertices, 72 indices
Created render mesh with 48 vertices
Voxel placed at (3, 2, 2)
Setting transform uniforms, camera exists
Setting uniform 'u_model' at location 8
  u_model matrix:
    1 0 0 0 
    0 1 0 0 
    0 0 1 0 
    0 0 0 1 
Setting uniform 'u_view' at location 0
Setting uniform 'u_projection' at location 4
Vertex 0 transform: world(0.162,0.162,0.162) -> clip(3.76365e-07,-0.000749582,11.3518,11.5495) -> NDC(3.2587e-08,-6.49015e-05,0.982881) -> Screen(640,360.023) [VISIBLE]
  Triangle bounds: (640,357.67) to (645.433,362.367) Size: 5.43335 x 4.69656 pixels
Enabled attribute 0 for Position at offset 0
Enabled attribute 1 for Normal at offset 12
Enabled attribute 2 for Other at offset 24
Enabled attribute 3 for Color at offset 32
Drawing mesh with 72 indices (24 triangles)
drawElements called: count=72, type=4, offset=0 (expected 24 triangles)
  Current program: 3
  VAO=0, VBO=10, IBO=11
  Position attrib 0 enabled: 1
> Setting transform uniforms, camera exists
Setting uniform 'u_model' at location 8
  u_model matrix:
    1 0 0 0 
    0 1 0 0 
    0 0 1 0 
    0 0 0 1 
Setting uniform 'u_view' at location 0
Setting uniform 'u_projection' at location 4
Vertex 0 transform: world(0.162,0.162,0.162) -> clip(3.76365e-07,-0.000749582,11.3518,11.5495) -> NDC(3.2587e-08,-6.49015e-05,0.982881) -> Screen(640,360.023) [VISIBLE]
  Triangle bounds: (640,357.67) to (645.433,362.367) Size: 5.43335 x 4.69656 pixels
Enabled attribute 0 for Position at offset 0
Enabled attribute 1 for Normal at offset 12
Enabled attribute 2 for Other at offset 24
Enabled attribute 3 for Color at offset 32
Drawing mesh with 72 indices (24 triangles)
drawElements called: count=72, type=4, offset=0 (expected 24 triangles)
  Current program: 3
  VAO=0, VBO=10, IBO=11
  Position attrib 0 enabled: 1
> Unknown command: ===. Type 'help' for available commands.
Setting transform uniforms, camera exists
Setting uniform 'u_model' at location 8
  u_model matrix:
    1 0 0 0 
    0 1 0 0 
    0 0 1 0 
    0 0 0 1 
Setting uniform 'u_view' at location 0
Setting uniform 'u_projection' at location 4
Enabled attribute 0 for Position at offset 0
Enabled attribute 1 for Normal at offset 12
Enabled attribute 2 for Other at offset 24
Enabled attribute 3 for Color at offset 32
Drawing mesh with 72 indices (24 triangles)
drawElements called: count=72, type=4, offset=0 (expected 24 triangles)
  Current program: 3
  VAO=0, VBO=10, IBO=11
  Position attrib 0 enabled: 1
> Voxel Debug Info
===============
Total voxels: 2
Resolution: 8cm (0.08m)
Workspace size: 5 x 5 x 5 meters

First 2 voxels:
  [0] Grid(2,2,2) -> World(0.16,0.16,0.16)
  [1] Grid(3,2,2) -> World(0.24,0.16,0.16)

Setting transform uniforms, camera exists
Setting uniform 'u_model' at location 8
  u_model matrix:
    1 0 0 0 
    0 1 0 0 
    0 0 1 0 
    0 0 0 1 
Setting uniform 'u_view' at location 0
Setting uniform 'u_projection' at location 4
Enabled attribute 0 for Position at offset 0
Enabled attribute 1 for Normal at offset 12
Enabled attribute 2 for Other at offset 24
Enabled attribute 3 for Color at offset 32
Drawing mesh with 72 indices (24 triangles)
drawElements called: count=72, type=4, offset=0 (expected 24 triangles)
  Current program: 3
  VAO=0, VBO=10, IBO=11
  Position attrib 0 enabled: 1
> Setting transform uniforms, camera exists
Setting uniform 'u_model' at location 8
  u_model matrix:
    1 0 0 0 
    0 1 0 0 
    0 0 1 0 
    0 0 0 1 
Setting uniform 'u_view' at location 0
Setting uniform 'u_projection' at location 4
Enabled attribute 0 for Position at offset 0
Enabled attribute 1 for Normal at offset 12
Enabled attribute 2 for Other at offset 24
Enabled attribute 3 for Color at offset 32
> Unknown command: ===. Type 'help' for available commands.
Setting transform uniforms, camera exists
Setting uniform 'u_model' at location 8
  u_model matrix:
    1 0 0 0 
    0 1 0 0 
    0 0 1 0 
    0 0 0 1 
Setting uniform 'u_view' at location 0
Enabled attribute 0 for Position at offset 0
Enabled attribute 1 for Normal at offset 12
Enabled attribute 2 for Other at offset 24
Enabled attribute 3 for Color at offset 32
> Render Debug Info
================
FPS: 10204.1
Frame time: 0.098 ms
Draw calls: 1
Triangles: 24
Vertices: 48

No OpenGL errors

Voxel meshes: 1
  Mesh 0: 48 vertices, 72 indices

Setting transform uniforms, camera exists
Enabled attribute 0 for Position at offset 0
Enabled attribute 1 for Normal at offset 12
Enabled attribute 2 for Other at offset 24
Enabled attribute 3 for Color at offset 32
> Setting transform uniforms, camera exists
Enabled attribute 0 for Position at offset 0
Enabled attribute 1 for Normal at offset 12
Enabled attribute 2 for Other at offset 24
Enabled attribute 3 for Color at offset 32
> Unknown command: ===. Type 'help' for available commands.
Setting transform uniforms, camera exists
Enabled attribute 0 for Position at offset 0
Enabled attribute 1 for Normal at offset 12
Enabled attribute 2 for Other at offset 24
Enabled attribute 3 for Color at offset 32
> Frustum Debug Info
==================
Workspace center (2.5,2.5,2.5)
  Clip space: (4.41353e-07,3.2247e-08,7.30148,7.5)
  NDC: (5.88471e-08,4.29961e-09,0.973531)
  Visible: YES

First voxel at grid(2,2,2)
  World: (0.16,0.16,0.16)
  Clip: (3.80963e-07,-0.000750211,11.3553,11.553)
  NDC: (3.29752e-08,-6.49365e-05,0.982887)
  Visible: YES

Setting transform uniforms, camera exists
Enabled attribute 0 for Position at offset 0
Enabled attribute 1 for Normal at offset 12
Enabled attribute 2 for Other at offset 24
Enabled attribute 3 for Color at offset 32
> Setting transform uniforms, camera exists
Enabled attribute 0 for Position at offset 0
Enabled attribute 1 for Normal at offset 12
Enabled attribute 2 for Other at offset 24
Enabled attribute 3 for Color at offset 32
> Unknown command: ===. Type 'help' for available commands.
Setting transform uniforms, camera exists
Enabled attribute 0 for Position at offset 0
Enabled attribute 1 for Normal at offset 12
Enabled attribute 2 for Other at offset 24
Enabled attribute 3 for Color at offset 32
> Setting transform uniforms, camera exists
Enabled attribute 0 for Position at offset 0
Enabled attribute 1 for Normal at offset 12
Enabled attribute 2 for Other at offset 24
Enabled attribute 3 for Color at offset 32
Note: Saved as debug_test.ppm.ppm (PPM format). Convert to PNG with: convert debug_test.ppm.ppm debug_test.ppm.png
Screenshot saved: debug_test.ppm.png
Setting transform uniforms, camera exists
Enabled attribute 0 for Position at offset 0
Enabled attribute 1 for Normal at offset 12
Enabled attribute 2 for Other at offset 24
Enabled attribute 3 for Color at offset 32
> Goodbye!
Setting transform uniforms, camera exists
Enabled attribute 0 for Position at offset 0
Enabled attribute 1 for Normal at offset 12
Enabled attribute 2 for Other at offset 24
Enabled attribute 3 for Color at offset 32

Shutting down...
[2025-06-03 18:26:30.420] [INFO ] RenderEngine shut down
